Info: Starting: Create simulation model
Info: qsys-generate D:\NIH3Repo\arria10_projects\AudioResearch_iWave_Passthrough\pll.qsys --simulation=VHDL --allow-mixed-language-simulation --output-directory=D:\NIH3Repo\arria10_projects\AudioResearch_iWave_Passthrough\pll --family="Arria 10" --part=10AS066H2F34I1HG
Progress: Loading AudioResearch_iWave_Passthrough/pll.qsys
Progress: Reading input file
Progress: Adding iopll_0 [altera_iopll 19.1]
Progress: Parameterizing module iopll_0
Progress: Building connections
Progress: Parameterizing connections
Progress: Validating
Progress: Done reading input file
Warning: pll.iopll_0: Able to implement PLL - Actual settings differ from Requested settings
Info: pll: "Transforming system: pll"
Info: pll: Running transform generation_view_transform
Info: pll: Running transform generation_view_transform took 0.000s
Info: iopll_0: Running transform generation_view_transform
Info: iopll_0: Running transform generation_view_transform took 0.000s
Info: pll: Running transform merlin_avalon_transform
Info: pll: Running transform merlin_avalon_transform took 0.054s
Info: pll: "Naming system components in system: pll"
Info: pll: "Processing generation queue"
Info: pll: "Generating: pll"
Info: pll: "Generating: pll_altera_iopll_191_zrphyuq"
Info: pll: Done "pll" with 2 modules, 2 files
Info: qsys-generate succeeded.
Info: Finished: Create simulation model
Info: Starting: Create Modelsim Project.
Info: sim-script-gen --spd=D:\NIH3Repo\arria10_projects\AudioResearch_iWave_Passthrough\pll\pll.spd --output-directory=D:/NIH3Repo/arria10_projects/AudioResearch_iWave_Passthrough/pll/sim/ --use-relative-paths=true
Info: Doing: ip-make-simscript --spd=D:\NIH3Repo\arria10_projects\AudioResearch_iWave_Passthrough\pll\pll.spd --output-directory=D:/NIH3Repo/arria10_projects/AudioResearch_iWave_Passthrough/pll/sim/ --use-relative-paths=true
Info: Generating the following file(s) for MODELSIM simulator in D:/NIH3Repo/arria10_projects/AudioResearch_iWave_Passthrough/pll/sim/ directory:
Info: 	mentor/msim_setup.tcl
Info: Skipping VCS script generation since VHDL file $QUARTUS_INSTALL_DIR/eda/sim_lib/altera_syn_attributes.vhd is required for simulation
Info: Generating the following file(s) for VCSMX simulator in D:/NIH3Repo/arria10_projects/AudioResearch_iWave_Passthrough/pll/sim/ directory:
Info: 	synopsys/vcsmx/synopsys_sim.setup
Info: 	synopsys/vcsmx/vcsmx_setup.sh
Info: Generating the following file(s) for NCSIM simulator in D:/NIH3Repo/arria10_projects/AudioResearch_iWave_Passthrough/pll/sim/ directory:
Info: 	cadence/cds.lib
Info: 	cadence/hdl.var
Info: 	cadence/ncsim_setup.sh
Info: 	1 .cds.lib files in cadence/cds_libs/ directory
Info: Generating the following file(s) for RIVIERA simulator in D:/NIH3Repo/arria10_projects/AudioResearch_iWave_Passthrough/pll/sim/ directory:
Info: 	aldec/rivierapro_setup.tcl
Info: For information on how to simulate your IP, see the explanatory comments in the simulator-specific subdirectories under D:/NIH3Repo/arria10_projects/AudioResearch_iWave_Passthrough/pll/sim/.
Info: Regenerate these scripts whenever you make any change to any Quartus-generated IP in your project.
Info: Finished: Create Modelsim Project.
Info: Starting: Create block symbol file (.bsf)
Info: qsys-generate D:\NIH3Repo\arria10_projects\AudioResearch_iWave_Passthrough\pll.qsys --block-symbol-file --output-directory=D:\NIH3Repo\arria10_projects\AudioResearch_iWave_Passthrough\pll --family="Arria 10" --part=10AS066H2F34I1HG
Progress: Loading AudioResearch_iWave_Passthrough/pll.qsys
Progress: Reading input file
Progress: Adding iopll_0 [altera_iopll 19.1]
Progress: Parameterizing module iopll_0
Progress: Building connections
Progress: Parameterizing connections
Progress: Validating
Progress: Done reading input file
Warning: pll.iopll_0: Able to implement PLL - Actual settings differ from Requested settings
Info: qsys-generate succeeded.
Info: Finished: Create block symbol file (.bsf)
Info: 
Info: Starting: Create HDL design files for synthesis
Info: qsys-generate D:\NIH3Repo\arria10_projects\AudioResearch_iWave_Passthrough\pll.qsys --synthesis=VHDL --output-directory=D:\NIH3Repo\arria10_projects\AudioResearch_iWave_Passthrough\pll --family="Arria 10" --part=10AS066H2F34I1HG
Progress: Loading AudioResearch_iWave_Passthrough/pll.qsys
Progress: Reading input file
Progress: Adding iopll_0 [altera_iopll 19.1]
Progress: Parameterizing module iopll_0
Progress: Building connections
Progress: Parameterizing connections
Progress: Validating
Progress: Done reading input file
Warning: pll.iopll_0: Able to implement PLL - Actual settings differ from Requested settings
Info: pll: "Transforming system: pll"
Info: pll: Running transform generation_view_transform
Info: pll: Running transform generation_view_transform took 0.000s
Info: iopll_0: Running transform generation_view_transform
Info: iopll_0: Running transform generation_view_transform took 0.000s
Info: pll: Running transform merlin_avalon_transform
Info: pll: Running transform merlin_avalon_transform took 0.014s
Info: pll: "Naming system components in system: pll"
Info: pll: "Processing generation queue"
Info: pll: "Generating: pll"
Info: pll: "Generating: pll_altera_iopll_191_zrphyuq"
Info: pll: Done "pll" with 2 modules, 3 files
Info: qsys-generate succeeded.
Info: Finished: Create HDL design files for synthesis
