Flow report for A10SoM_System
Thu Apr 23 13:19:32 2020
Quartus Prime Version 18.0.0 Build 614 04/24/2018 SJ Standard Edition


---------------------
; Table of Contents ;
---------------------
  1. Legal Notice
  2. Flow Summary
  3. Flow Settings
  4. Flow Non-Default Global Settings
  5. Flow Elapsed Time
  6. Flow OS Summary
  7. Flow Log
  8. Flow Messages
  9. Flow Suppressed Messages



----------------
; Legal Notice ;
----------------
Copyright (C) 2018  Intel Corporation. All rights reserved.
Your use of Intel Corporation's design tools, logic functions 
and other software and tools, and its AMPP partner logic 
functions, and any output files from any of the foregoing 
(including device programming or simulation files), and any 
associated documentation or information are expressly subject 
to the terms and conditions of the Intel Program License 
Subscription Agreement, the Intel Quartus Prime License Agreement,
the Intel FPGA IP License Agreement, or other applicable license
agreement, including, without limitation, that your use is for
the sole purpose of programming logic devices manufactured by
Intel and sold by Intel or its authorized distributors.  Please
refer to the applicable agreement for further details.



+-------------------------------------------------------------------------------+
; Flow Summary                                                                  ;
+-----------------------------+-------------------------------------------------+
; Flow Status                 ; Successful - Thu Apr 23 13:18:37 2020           ;
; Quartus Prime Version       ; 18.0.0 Build 614 04/24/2018 SJ Standard Edition ;
; Revision Name               ; A10SoM_System                                   ;
; Top-level Entity Name       ; A10SoM_System                                   ;
; Family                      ; Arria 10                                        ;
; Device                      ; 10AS066H2F34I1HG                                ;
; Timing Models               ; Final                                           ;
; Logic utilization (in ALMs) ; 9,835 / 251,680 ( 4 % )                         ;
; Total registers             ; 18695                                           ;
; Total pins                  ; 510 / 604 ( 84 % )                              ;
; Total virtual pins          ; 0                                               ;
; Total block memory bits     ; 536,960 / 43,642,880 ( 1 % )                    ;
; Total DSP Blocks            ; 0 / 1,687 ( 0 % )                               ;
; Total HSSI RX channels      ; 0 / 24 ( 0 % )                                  ;
; Total HSSI TX channels      ; 0 / 24 ( 0 % )                                  ;
; Total PLLs                  ; 23 / 64 ( 36 % )                                ;
+-----------------------------+-------------------------------------------------+


+-----------------------------------------+
; Flow Settings                           ;
+-------------------+---------------------+
; Option            ; Setting             ;
+-------------------+---------------------+
; Start date & time ; 04/23/2020 13:08:17 ;
; Main task         ; Compilation         ;
; Revision Name     ; A10SoM_System       ;
+-------------------+---------------------+


+-------------------------------------------------------------------------------------------------------------------------------------------------------------------------------------------------------------------------+
; Flow Non-Default Global Settings                                                                                                                                                                                        ;
+-------------------------------------+------------------------------------------------------------------------------------------+---------------+-----------------------------------------------------------+------------+
; Assignment Name                     ; Value                                                                                    ; Default Value ; Entity Name                                               ; Section Id ;
+-------------------------------------+------------------------------------------------------------------------------------------+---------------+-----------------------------------------------------------+------------+
; COMPILER_SIGNATURE_ID               ; 414252225660.158766888602060                                                             ; --            ; --                                                        ; --         ;
; HPS_ISW_FILE                        ; som_system/altera_arria10_interface_generator_140/synth/hps.pre.xml                      ; --            ; som_system_altera_arria10_interface_generator_140_mv5mwwi ; --         ;
; HPS_ISW_FILE                        ; som_system/altera_emif_arch_nf_180/synth/emif.pre.xml                                    ; --            ; som_system_altera_emif_arch_nf_180_qjbdqci                ; --         ;
; MAX_CORE_JUNCTION_TEMP              ; 100                                                                                      ; --            ; --                                                        ; --         ;
; MESSAGE_DISABLE                     ; 10230                                                                                    ; --            ; som_system_altera_arria10_interface_generator_140_mv5mwwi ; --         ;
; MESSAGE_DISABLE                     ; 10230                                                                                    ; --            ; som_system_altera_arria10_interface_generator_140_rt64riy ; --         ;
; MIN_CORE_JUNCTION_TEMP              ; -40                                                                                      ; --            ; --                                                        ; --         ;
; MISC_FILE                           ; ../../component_library/serdes/Serial2Parallel_32bits/Serial2Parallel_32bits.cmp         ; --            ; --                                                        ; --         ;
; MISC_FILE                           ; ../../component_library/serdes/Serial2Parallel_32bits/../Serial2Parallel_32bits.qsys     ; --            ; --                                                        ; --         ;
; MISC_FILE                           ; ../../component_library/serdes/Parallel2Serial_32bits/Parallel2Serial_32bits.cmp         ; --            ; --                                                        ; --         ;
; MISC_FILE                           ; ../../component_library/serdes/Parallel2Serial_32bits/../Parallel2Serial_32bits.qsys     ; --            ; --                                                        ; --         ;
; MISC_FILE                           ; som_system/som_system.cmp                                                                ; --            ; --                                                        ; --         ;
; MISC_FILE                           ; som_system/../D                                                                          ; --            ; --                                                        ; --         ;
; MISC_FILE                           ; som_system/som_system_arria10_hps_0_hps.svd                                              ; --            ; --                                                        ; --         ;
; MISC_FILE                           ; som_system/../som_system.qsys                                                            ; --            ; --                                                        ; --         ;
; MISC_FILE                           ; som_system/altera_emif_arch_nf_180/synth/emif.pre.xml                                    ; --            ; --                                                        ; --         ;
; MISC_FILE                           ; som_system/altera_arria10_interface_generator_140/synth/hps.pre.xml                      ; --            ; --                                                        ; --         ;
; MISC_FILE                           ; pll/pll.cmp                                                                              ; --            ; --                                                        ; --         ;
; MISC_FILE                           ; pll/../pll.qsys                                                                          ; --            ; --                                                        ; --         ;
; PARTITION_COLOR                     ; -- (Not supported for targeted family)                                                   ; --            ; --                                                        ; Top        ;
; PARTITION_FITTER_PRESERVATION_LEVEL ; -- (Not supported for targeted family)                                                   ; --            ; --                                                        ; Top        ;
; PARTITION_NETLIST_TYPE              ; -- (Not supported for targeted family)                                                   ; --            ; --                                                        ; Top        ;
; POWER_BOARD_THERMAL_MODEL           ; None (CONSERVATIVE)                                                                      ; --            ; --                                                        ; --         ;
; POWER_PRESET_COOLING_SOLUTION       ; 23 MM HEAT SINK WITH 200 LFPM AIRFLOW                                                    ; --            ; --                                                        ; --         ;
; SLD_FILE                            ; ../../component_library/serdes/Serial2Parallel_32bits/Serial2Parallel_32bits.debuginfo   ; --            ; --                                                        ; --         ;
; SLD_FILE                            ; ../../component_library/serdes/Parallel2Serial_32bits/Parallel2Serial_32bits.debuginfo   ; --            ; --                                                        ; --         ;
; SLD_FILE                            ; som_system/som_system.regmap                                                             ; --            ; --                                                        ; --         ;
; SLD_FILE                            ; som_system/som_system.debuginfo                                                          ; --            ; --                                                        ; --         ;
; SLD_FILE                            ; pll/pll.debuginfo                                                                        ; --            ; --                                                        ; --         ;
; SLD_INFO                            ; QSYS_NAME Parallel2Serial_32bits HAS_SOPCINFO 1 GENERATION_ID 1555614294                 ; --            ; Parallel2Serial_32bits                                    ; --         ;
; SLD_INFO                            ; QSYS_NAME Serial2Parallel_32bits HAS_SOPCINFO 1 GENERATION_ID 1555614279                 ; --            ; Serial2Parallel_32bits                                    ; --         ;
; SLD_INFO                            ; QSYS_NAME pll HAS_SOPCINFO 1 GENERATION_ID 1586869618                                    ; --            ; pll                                                       ; --         ;
; SLD_INFO                            ; QSYS_NAME som_system HAS_SOPCINFO 1 GENERATION_ID 1587668335                             ; --            ; som_system                                                ; --         ;
; SOPCINFO_FILE                       ; ../../component_library/serdes/Serial2Parallel_32bits/../Serial2Parallel_32bits.sopcinfo ; --            ; --                                                        ; --         ;
; SOPCINFO_FILE                       ; ../../component_library/serdes/Parallel2Serial_32bits/../Parallel2Serial_32bits.sopcinfo ; --            ; --                                                        ; --         ;
; SOPCINFO_FILE                       ; som_system/../som_system.sopcinfo                                                        ; --            ; --                                                        ; --         ;
; SOPCINFO_FILE                       ; pll/../pll.sopcinfo                                                                      ; --            ; --                                                        ; --         ;
; SYNTHESIS_ONLY_QIP                  ; On                                                                                       ; --            ; --                                                        ; --         ;
; SYNTHESIS_ONLY_QIP                  ; On                                                                                       ; --            ; --                                                        ; --         ;
; SYNTHESIS_ONLY_QIP                  ; On                                                                                       ; --            ; --                                                        ; --         ;
; SYNTHESIS_ONLY_QIP                  ; On                                                                                       ; --            ; --                                                        ; --         ;
+-------------------------------------+------------------------------------------------------------------------------------------+---------------+-----------------------------------------------------------+------------+


+--------------------------------------------------------------------------------------------------------------------------+
; Flow Elapsed Time                                                                                                        ;
+----------------------+--------------+-------------------------+---------------------+------------------------------------+
; Module Name          ; Elapsed Time ; Average Processors Used ; Peak Virtual Memory ; Total CPU Time (on all processors) ;
+----------------------+--------------+-------------------------+---------------------+------------------------------------+
; Analysis & Synthesis ; 00:01:48     ; 1.7                     ; 5828 MB             ; 00:02:19                           ;
; Fitter               ; 00:07:53     ; 1.3                     ; 17157 MB            ; 00:20:50                           ;
; Assembler            ; 00:00:39     ; 1.0                     ; 9084 MB             ; 00:00:36                           ;
; Timing Analyzer      ; 00:00:53     ; 1.4                     ; 8439 MB             ; 00:02:04                           ;
; Total                ; 00:11:13     ; --                      ; --                  ; 00:25:49                           ;
+----------------------+--------------+-------------------------+---------------------+------------------------------------+


+------------------------------------------------------------------------------------+
; Flow OS Summary                                                                    ;
+----------------------+------------------+------------+------------+----------------+
; Module Name          ; Machine Hostname ; OS Name    ; OS Version ; Processor type ;
+----------------------+------------------+------------+------------+----------------+
; Analysis & Synthesis ; DESKTOP-NVVSIBD  ; Windows 10 ; 10.0       ; x86_64         ;
; Fitter               ; DESKTOP-NVVSIBD  ; Windows 10 ; 10.0       ; x86_64         ;
; Assembler            ; DESKTOP-NVVSIBD  ; Windows 10 ; 10.0       ; x86_64         ;
; Timing Analyzer      ; DESKTOP-NVVSIBD  ; Windows 10 ; 10.0       ; x86_64         ;
+----------------------+------------------+------------+------------+----------------+


------------
; Flow Log ;
------------
quartus_map --read_settings_files=on --write_settings_files=off A10SoM_System -c A10SoM_System
quartus_fit --read_settings_files=off --write_settings_files=off A10SoM_System -c A10SoM_System
quartus_asm --read_settings_files=off --write_settings_files=off A10SoM_System -c A10SoM_System
quartus_sta A10SoM_System -c A10SoM_System



