Info: Starting: Create block symbol file (.bsf)
Info: qsys-generate /home/trevor/NIH/arria10_projects/AudioResearch_delay_and_sum_beamformer/soc_system.qsys --block-symbol-file --output-directory=/home/trevor/NIH/arria10_projects/AudioResearch_delay_and_sum_beamformer/soc_system --family="Arria 10" --part=10AS066H2F34I1SG
Progress: Loading AudioResearch_delay_and_sum_beamformer/soc_system.qsys
Progress: Reading input file
Progress: Adding FE_Qsys_AD1939_Audio_Research_v1_0 [FE_Qsys_AD1939_Audio_Research_v1 1.0]
Progress: Parameterizing module FE_Qsys_AD1939_Audio_Research_v1_0
Progress: Adding codec_clocks [codec_clocks 1.0]
Progress: Parameterizing module codec_clocks
Progress: Adding ddr4 [altera_emif_a10_hps 18.0]
Progress: Parameterizing module ddr4
Progress: Adding delay_and_sum_beamformer_0 [delay_and_sum_beamformer 1.0]
Progress: Parameterizing module delay_and_sum_beamformer_0
Progress: Adding hps [altera_arria10_hps 18.0]
Progress: Parameterizing module hps
Progress: Adding jtag_master [altera_jtag_avalon_master 18.0]
Progress: Parameterizing module jtag_master
Progress: Adding mic_array_0 [mic_array 1.0]
Progress: Parameterizing module mic_array_0
Progress: Adding mic_array_clocks [mic_array_clocks 1.0]
Progress: Parameterizing module mic_array_clocks
Progress: Adding mono2stereo_adapter_0 [mono2stereo_adapter 1.0]
Progress: Parameterizing module mono2stereo_adapter_0
Progress: Adding sysid_qsys_0 [altera_avalon_sysid_qsys 18.0]
Progress: Parameterizing module sysid_qsys_0
Progress: Building connections
Progress: Parameterizing connections
Progress: Validating
Progress: Done reading input file
Info: soc_system.codec_clocks.MCLK_PLL: Able to implement PLL with user settings
Info: soc_system.ddr4: Debug features for HPS are currently not supported.
Info: soc_system.ddr4.arch: Placement of address/command pins must follow "DDR4 Scheme 2: Component/SODIMM".
Info: soc_system.ddr4.arch: Interface estimated to require 2 I/O Bank(s) and 2 I/O PLL(s). This is only an estimation. Final usage depends on user pin location assignments and/or fitter behavior.
Info: soc_system.ddr4.arch: Valid memory frequencies for the current PLL reference clock and user clock rate, in MHz: 1200.0, 900.0
Info: soc_system.ddr4.arch: For additional documentation about the interface, consult the *_readme.txt file after generation.
Warning: soc_system.mic_array_clocks.sck_pll: Able to implement PLL - Actual settings differ from Requested settings
Info: soc_system.sysid_qsys_0: System ID is not assigned automatically. Edit the System ID parameter to provide a unique ID
Info: soc_system.sysid_qsys_0: Time stamp will be automatically updated when this component is generated.
Info: soc_system.delay_and_sum_beamformer_0.avalon_streaming_source/mono2stereo_adapter_0.data_in: Max channel is 1 for source and 0 for sink. Avalon-ST Adapter will be inserted..
Info: soc_system.delay_and_sum_beamformer_0.avalon_streaming_source/mono2stereo_adapter_0.data_in: The source has a error signal of 2 bits, but the sink does not. Avalon-ST Adapter will be inserted.
Info: soc_system.mono2stereo_adapter_0.data_out/FE_Qsys_AD1939_Audio_Research_v1_0.Line_Out: The sink has a error signal of 2 bits, but the source does not. Avalon-ST Adapter will be inserted.
Info: soc_system.mono2stereo_adapter_0.data_out/FE_Qsys_AD1939_Audio_Research_v1_0.Line_Out: The source channel signal is 1 bits, but the sink is 2 bits. Avalon-ST Adapter will be inserted.
Info: soc_system.mic_array_0.data_out/delay_and_sum_beamformer_0.avalon_streaming_sink: The sink has a error signal of 2 bits, but the source does not. Avalon-ST Adapter will be inserted.
Warning: soc_system.FE_Qsys_AD1939_Audio_Research_v1_0.Headphone_Out: FE_Qsys_AD1939_Audio_Research_v1_0.Headphone_Out must be connected to an Avalon-ST source
Warning: soc_system.FE_Qsys_AD1939_Audio_Research_v1_0.XLR1_Out: FE_Qsys_AD1939_Audio_Research_v1_0.XLR1_Out must be connected to an Avalon-ST source
Warning: soc_system.FE_Qsys_AD1939_Audio_Research_v1_0.XLR2_Out: FE_Qsys_AD1939_Audio_Research_v1_0.XLR2_Out must be connected to an Avalon-ST source
Warning: soc_system.FE_Qsys_AD1939_Audio_Research_v1_0.Line_In: FE_Qsys_AD1939_Audio_Research_v1_0.Line_In must be connected to an Avalon-ST sink
Warning: soc_system.FE_Qsys_AD1939_Audio_Research_v1_0.Microphone_In: FE_Qsys_AD1939_Audio_Research_v1_0.Microphone_In must be connected to an Avalon-ST sink
Warning: soc_system.: You have exported the interface codec_clocks.reset_in but not its associated clock interface.  Export the driver of codec_clocks.sys_clk
Info: qsys-generate succeeded.
Info: Finished: Create block symbol file (.bsf)
Info: 
Info: Starting: Create HDL design files for synthesis
Info: qsys-generate /home/trevor/NIH/arria10_projects/AudioResearch_delay_and_sum_beamformer/soc_system.qsys --synthesis=VHDL --output-directory=/home/trevor/NIH/arria10_projects/AudioResearch_delay_and_sum_beamformer/soc_system --family="Arria 10" --part=10AS066H2F34I1SG
Progress: Loading AudioResearch_delay_and_sum_beamformer/soc_system.qsys
Progress: Reading input file
Progress: Adding FE_Qsys_AD1939_Audio_Research_v1_0 [FE_Qsys_AD1939_Audio_Research_v1 1.0]
Progress: Parameterizing module FE_Qsys_AD1939_Audio_Research_v1_0
Progress: Adding codec_clocks [codec_clocks 1.0]
Progress: Parameterizing module codec_clocks
Progress: Adding ddr4 [altera_emif_a10_hps 18.0]
Progress: Parameterizing module ddr4
Progress: Adding delay_and_sum_beamformer_0 [delay_and_sum_beamformer 1.0]
Progress: Parameterizing module delay_and_sum_beamformer_0
Progress: Adding hps [altera_arria10_hps 18.0]
Progress: Parameterizing module hps
Progress: Adding jtag_master [altera_jtag_avalon_master 18.0]
Progress: Parameterizing module jtag_master
Progress: Adding mic_array_0 [mic_array 1.0]
Progress: Parameterizing module mic_array_0
Progress: Adding mic_array_clocks [mic_array_clocks 1.0]
Progress: Parameterizing module mic_array_clocks
Progress: Adding mono2stereo_adapter_0 [mono2stereo_adapter 1.0]
Progress: Parameterizing module mono2stereo_adapter_0
Progress: Adding sysid_qsys_0 [altera_avalon_sysid_qsys 18.0]
Progress: Parameterizing module sysid_qsys_0
Progress: Building connections
Progress: Parameterizing connections
Progress: Validating
Progress: Done reading input file
Info: soc_system.codec_clocks.MCLK_PLL: Able to implement PLL with user settings
Info: soc_system.ddr4: Debug features for HPS are currently not supported.
Info: soc_system.ddr4.arch: Placement of address/command pins must follow "DDR4 Scheme 2: Component/SODIMM".
Info: soc_system.ddr4.arch: Interface estimated to require 2 I/O Bank(s) and 2 I/O PLL(s). This is only an estimation. Final usage depends on user pin location assignments and/or fitter behavior.
Info: soc_system.ddr4.arch: Valid memory frequencies for the current PLL reference clock and user clock rate, in MHz: 1200.0, 900.0
Info: soc_system.ddr4.arch: For additional documentation about the interface, consult the *_readme.txt file after generation.
Warning: soc_system.mic_array_clocks.sck_pll: Able to implement PLL - Actual settings differ from Requested settings
Info: soc_system.sysid_qsys_0: System ID is not assigned automatically. Edit the System ID parameter to provide a unique ID
Info: soc_system.sysid_qsys_0: Time stamp will be automatically updated when this component is generated.
Info: soc_system.delay_and_sum_beamformer_0.avalon_streaming_source/mono2stereo_adapter_0.data_in: Max channel is 1 for source and 0 for sink. Avalon-ST Adapter will be inserted..
Info: soc_system.delay_and_sum_beamformer_0.avalon_streaming_source/mono2stereo_adapter_0.data_in: The source has a error signal of 2 bits, but the sink does not. Avalon-ST Adapter will be inserted.
Info: soc_system.mono2stereo_adapter_0.data_out/FE_Qsys_AD1939_Audio_Research_v1_0.Line_Out: The sink has a error signal of 2 bits, but the source does not. Avalon-ST Adapter will be inserted.
Info: soc_system.mono2stereo_adapter_0.data_out/FE_Qsys_AD1939_Audio_Research_v1_0.Line_Out: The source channel signal is 1 bits, but the sink is 2 bits. Avalon-ST Adapter will be inserted.
Info: soc_system.mic_array_0.data_out/delay_and_sum_beamformer_0.avalon_streaming_sink: The sink has a error signal of 2 bits, but the source does not. Avalon-ST Adapter will be inserted.
Warning: soc_system.FE_Qsys_AD1939_Audio_Research_v1_0.Headphone_Out: FE_Qsys_AD1939_Audio_Research_v1_0.Headphone_Out must be connected to an Avalon-ST source
Warning: soc_system.FE_Qsys_AD1939_Audio_Research_v1_0.XLR1_Out: FE_Qsys_AD1939_Audio_Research_v1_0.XLR1_Out must be connected to an Avalon-ST source
Warning: soc_system.FE_Qsys_AD1939_Audio_Research_v1_0.XLR2_Out: FE_Qsys_AD1939_Audio_Research_v1_0.XLR2_Out must be connected to an Avalon-ST source
Warning: soc_system.FE_Qsys_AD1939_Audio_Research_v1_0.Line_In: FE_Qsys_AD1939_Audio_Research_v1_0.Line_In must be connected to an Avalon-ST sink
Warning: soc_system.FE_Qsys_AD1939_Audio_Research_v1_0.Microphone_In: FE_Qsys_AD1939_Audio_Research_v1_0.Microphone_In must be connected to an Avalon-ST sink
Warning: soc_system.: You have exported the interface codec_clocks.reset_in but not its associated clock interface.  Export the driver of codec_clocks.sys_clk
Info: soc_system: "Transforming system: soc_system"
Info: soc_system: Running transform generation_view_transform
Info: soc_system: Running transform generation_view_transform took 0.000s
Info: FE_Qsys_AD1939_Audio_Research_v1_0: Running transform generation_view_transform
Info: FE_Qsys_AD1939_Audio_Research_v1_0: Running transform generation_view_transform took 0.000s
Info: codec_clocks: Running transform generation_view_transform
Info: codec_clocks: Running transform generation_view_transform took 0.000s
Info: ddr4: Running transform generation_view_transform
Info: ddr4: Running transform generation_view_transform took 0.000s
Info: delay_and_sum_beamformer_0: Running transform generation_view_transform
Info: delay_and_sum_beamformer_0: Running transform generation_view_transform took 0.000s
Info: hps: Running transform generation_view_transform
Info: hps: Running transform generation_view_transform took 0.657s
Info: jtag_master: Running transform generation_view_transform
Info: jtag_master: Running transform generation_view_transform took 0.000s
Info: mic_array_0: Running transform generation_view_transform
Info: mic_array_0: Running transform generation_view_transform took 0.000s
Info: mic_array_clocks: Running transform generation_view_transform
Info: mic_array_clocks: Running transform generation_view_transform took 0.000s
Info: mono2stereo_adapter_0: Running transform generation_view_transform
Info: mono2stereo_adapter_0: Running transform generation_view_transform took 0.000s
Info: sysid_qsys_0: Running transform generation_view_transform
Info: sysid_qsys_0: Running transform generation_view_transform took 0.000s
Info: MCLK_PLL: Running transform generation_view_transform
Info: MCLK_PLL: Running transform generation_view_transform took 0.000s
Info: mclk_clk_bridge: Running transform generation_view_transform
Info: mclk_clk_bridge: Running transform generation_view_transform took 0.000s
Info: reset_bridge_0: Running transform generation_view_transform
Info: reset_bridge_0: Running transform generation_view_transform took 0.000s
Info: sys_clk_clk_bridge: Running transform generation_view_transform
Info: sys_clk_clk_bridge: Running transform generation_view_transform took 0.000s
Info: arch: Running transform generation_view_transform
Info: arch: Running transform generation_view_transform took 0.000s
Info: fpga_interfaces: Running transform generation_view_transform
Info: fpga_interfaces: Running transform generation_view_transform took 0.000s
Info: hps_io: Running transform generation_view_transform
Info: hps_io: Running transform generation_view_transform took 0.000s
Info: clk_src: Running transform generation_view_transform
Info: clk_src: Running transform generation_view_transform took 0.000s
Info: clk_rst: Running transform generation_view_transform
Info: clk_rst: Running transform generation_view_transform took 0.000s
Info: jtag_phy_embedded_in_jtag_master: Running transform generation_view_transform
Info: jtag_phy_embedded_in_jtag_master: Running transform generation_view_transform took 0.000s
Info: timing_adt: Running transform generation_view_transform
Info: timing_adt: Running transform generation_view_transform took 0.000s
Info: fifo: Running transform generation_view_transform
Info: fifo: Running transform generation_view_transform took 0.000s
Info: b2p: Running transform generation_view_transform
Info: b2p: Running transform generation_view_transform took 0.000s
Info: p2b: Running transform generation_view_transform
Info: p2b: Running transform generation_view_transform took 0.000s
Info: transacto: Running transform generation_view_transform
Info: transacto: Running transform generation_view_transform took 0.000s
Info: b2p_adapter: Running transform generation_view_transform
Info: b2p_adapter: Running transform generation_view_transform took 0.000s
Info: p2b_adapter: Running transform generation_view_transform
Info: p2b_adapter: Running transform generation_view_transform took 0.000s
Info: clock_bridge_0: Running transform generation_view_transform
Info: clock_bridge_0: Running transform generation_view_transform took 0.000s
Info: sck_pll: Running transform generation_view_transform
Info: sck_pll: Running transform generation_view_transform took 0.000s
Info: border: Running transform generation_view_transform
Info: border: Running transform generation_view_transform took 0.000s
Info: soc_system: Running transform merlin_avalon_transform
Info: Inserting clock-crossing logic between cmd_demux_002.src1 and cmd_mux_002.sink0
Info: Inserting clock-crossing logic between rsp_demux_002.src0 and rsp_mux_002.sink1
Info: avalon_st_adapter: Inserting channel_adapter: channel_adapter_0
Info: avalon_st_adapter: Inserting error_adapter: error_adapter_0
Info: avalon_st_adapter_001: Inserting channel_adapter: channel_adapter_0
Info: avalon_st_adapter_001: Inserting error_adapter: error_adapter_0
Info: avalon_st_adapter_002: Inserting error_adapter: error_adapter_0
Info: soc_system: Running transform merlin_avalon_transform took 0.840s
Info: codec_clocks: Running transform merlin_avalon_transform
Info: codec_clocks: Running transform merlin_avalon_transform took 0.011s
Info: ddr4: Running transform merlin_avalon_transform
Info: ddr4: Running transform merlin_avalon_transform took 0.008s
Info: hps: Running transform merlin_avalon_transform
Info: hps: Running transform merlin_avalon_transform took 0.008s
Info: jtag_master: Running transform merlin_avalon_transform
Info: jtag_master: Running transform merlin_avalon_transform took 0.012s
Info: mic_array_clocks: Running transform merlin_avalon_transform
Info: mic_array_clocks: Running transform merlin_avalon_transform took 0.008s
Info: mm_interconnect_0: Running transform merlin_avalon_transform
Info: avalon_st_adapter: Inserting error_adapter: error_adapter_0
Info: avalon_st_adapter_001: Inserting error_adapter: error_adapter_0
Info: avalon_st_adapter_002: Inserting error_adapter: error_adapter_0
Info: mm_interconnect_0: Running transform merlin_avalon_transform took 0.190s
Info: avalon_st_adapter: Running transform merlin_avalon_transform
Info: avalon_st_adapter: Running transform merlin_avalon_transform took 0.007s
Info: avalon_st_adapter_001: Running transform merlin_avalon_transform
Info: avalon_st_adapter_001: Running transform merlin_avalon_transform took 0.008s
Info: avalon_st_adapter_002: Running transform merlin_avalon_transform
Info: avalon_st_adapter_002: Running transform merlin_avalon_transform took 0.008s
Info: hps_io: Running transform merlin_avalon_transform
Info: hps_io: Running transform merlin_avalon_transform took 0.008s
Info: avalon_st_adapter: Running transform merlin_avalon_transform
Info: avalon_st_adapter: Running transform merlin_avalon_transform took 0.008s
Info: avalon_st_adapter_001: Running transform merlin_avalon_transform
Info: avalon_st_adapter_001: Running transform merlin_avalon_transform took 0.008s
Info: avalon_st_adapter_002: Running transform merlin_avalon_transform
Info: avalon_st_adapter_002: Running transform merlin_avalon_transform took 0.008s
Info: soc_system: "Naming system components in system: soc_system"
Info: soc_system: "Processing generation queue"
Info: soc_system: "Generating: soc_system"
Info: soc_system: "Generating: AD1939_hps_audio_research"
Info: soc_system: "Generating: soc_system_codec_clocks_10_ns6zpna"
Info: soc_system: "Generating: soc_system_altera_emif_a10_hps_180_oqueytq"
Info: soc_system: "Generating: DSBF_dataplane_avalon"
Info: soc_system: "Generating: soc_system_altera_arria10_hps_180_ruxeq2a"
Info: soc_system: "Generating: soc_system_altera_jtag_avalon_master_180_sb3msya"
Info: soc_system: "Generating: mic_array_avalon"
Info: soc_system: "Generating: soc_system_mic_array_clocks_10_hjvfn7a"
Info: soc_system: "Generating: mono2stereo_adapter"
Info: soc_system: "Generating: soc_system_altera_avalon_sysid_qsys_180_mj5clki"
Info: soc_system: "Generating: soc_system_altera_mm_interconnect_180_4tjcpzi"
Info: soc_system: "Generating: soc_system_altera_avalon_st_adapter_180_g7t4xhq"
Info: soc_system: "Generating: soc_system_altera_avalon_st_adapter_180_gbp22va"
Info: soc_system: "Generating: soc_system_altera_avalon_st_adapter_180_f2h67ry"
Info: soc_system: "Generating: altera_reset_controller"
Info: soc_system: "Generating: soc_system_altera_iopll_180_nrxle5y"
Info: soc_system: "Generating: soc_system_altera_emif_arch_nf_180_hlqzivq"
Info: soc_system: "Generating: soc_system_altera_arria10_interface_generator_140_vbjqidy"
Info: soc_system: "Generating: soc_system_altera_arria10_hps_io_180_geofrnq"
Info: soc_system: "Generating: altera_avalon_st_jtag_interface"
Info: soc_system: "Generating: soc_system_timing_adapter_180_sw6zsri"
Info: soc_system: "Generating: altera_avalon_sc_fifo"
Info: soc_system: "Generating: altera_avalon_st_bytes_to_packets"
Info: soc_system: "Generating: altera_avalon_st_packets_to_bytes"
Info: soc_system: "Generating: altera_avalon_packets_to_master"
Info: soc_system: "Generating: soc_system_channel_adapter_180_6j26mga"
Info: soc_system: "Generating: soc_system_channel_adapter_180_77yxgci"
Info: soc_system: "Generating: soc_system_altera_iopll_180_qn6opli"
Info: soc_system: "Generating: altera_merlin_master_translator"
Info: soc_system: "Generating: altera_merlin_slave_translator"
Info: soc_system: "Generating: altera_merlin_axi_master_ni"
Info: soc_system: "Generating: altera_merlin_master_agent"
Info: soc_system: "Generating: altera_merlin_slave_agent"
Info: soc_system: "Generating: soc_system_altera_merlin_router_180_sdknauq"
Info: soc_system: "Generating: soc_system_altera_merlin_router_180_dosbmwq"
Info: soc_system: "Generating: soc_system_altera_merlin_router_180_66khv3i"
Info: soc_system: "Generating: soc_system_altera_merlin_router_180_rzfz5ua"
Info: soc_system: "Generating: soc_system_altera_merlin_router_180_3b75gia"
Info: soc_system: "Generating: altera_merlin_traffic_limiter"
Info: soc_system: "Generating: altera_merlin_burst_adapter"
Info: soc_system: "Generating: soc_system_altera_merlin_demultiplexer_180_73ypsli"
Info: soc_system: "Generating: soc_system_altera_merlin_multiplexer_180_5oflh4a"
Info: soc_system: "Generating: soc_system_altera_merlin_multiplexer_180_lwrrlqi"
Info: soc_system: "Generating: soc_system_altera_merlin_multiplexer_180_xmjw7fa"
Info: soc_system: "Generating: soc_system_altera_merlin_demultiplexer_180_hpkcg3i"
Info: soc_system: "Generating: soc_system_altera_merlin_demultiplexer_180_46bgb3i"
Info: soc_system: "Generating: soc_system_altera_merlin_demultiplexer_180_ru7q4la"
Info: soc_system: "Generating: soc_system_altera_merlin_multiplexer_180_mliztty"
Info: soc_system: "Generating: altera_avalon_st_handshake_clock_crosser"
Info: soc_system: "Generating: soc_system_altera_avalon_st_adapter_180_7g3x3ri"
Info: soc_system: "Generating: soc_system_channel_adapter_180_76u3bzq"
Info: soc_system: "Generating: soc_system_error_adapter_180_2gnarnq"
Info: soc_system: "Generating: soc_system_channel_adapter_180_e3bkb2q"
Info: soc_system: "Generating: soc_system_error_adapter_180_h62ueqq"
Info: soc_system: "Generating: soc_system_error_adapter_180_rbf7zia"
Info: soc_system: "Generating: soc_system_altera_arria10_interface_generator_140_5g7ekiy"
Info: soc_system: "Generating: soc_system_error_adapter_180_ww4pkiq"
Info: soc_system: Done "soc_system" with 58 modules, 223 files
Info: qsys-generate succeeded.
Info: Finished: Create HDL design files for synthesis
